<?xml version="1.0" encoding="UTF-8"?>
<!-- Generated by org.testng.reporters.JUnitReportReporter -->
<testsuite hostname="DESKTOP-J5TRUJL" failures="0" tests="1" name="packagedatadriven.Datadriventest1" time="0.000" errors="0" timestamp="2024-02-20T09:36:36 IST" skipped="1">
  <testcase classname="packagedatadriven.Datadriventest1" name="DemoProject" time="0.000">
    <skipped/>
  </testcase> <!-- DemoProject -->
  <system-out/>
</testsuite> <!-- packagedatadriven.Datadriventest1 -->
